Flow report for SoC_Brain
Tue Jul 11 01:31:42 2017
Quartus II 64-Bit Version 13.1.0 Build 162 10/23/2013 SJ Web Edition


---------------------
; Table of Contents ;
---------------------
  1. Legal Notice
  2. Flow Summary
  3. Flow Settings
  4. Flow Non-Default Global Settings
  5. Flow Elapsed Time
  6. Flow OS Summary
  7. Flow Log
  8. Flow Messages
  9. Flow Suppressed Messages



----------------
; Legal Notice ;
----------------
Copyright (C) 1991-2013 Altera Corporation
Your use of Altera Corporation's design tools, logic functions 
and other software and tools, and its AMPP partner logic 
functions, and any output files from any of the foregoing 
(including device programming or simulation files), and any 
associated documentation or information are expressly subject 
to the terms and conditions of the Altera Program License 
Subscription Agreement, Altera MegaCore Function License 
Agreement, or other applicable license agreement, including, 
without limitation, that your use is for the sole purpose of 
programming logic devices manufactured by Altera and sold by 
Altera or its authorized distributors.  Please refer to the 
applicable agreement for further details.



+---------------------------------------------------------------------------------+
; Flow Summary                                                                    ;
+------------------------------------+--------------------------------------------+
; Flow Status                        ; Successful - Tue Jul 11 01:31:23 2017      ;
; Quartus II 64-Bit Version          ; 13.1.0 Build 162 10/23/2013 SJ Web Edition ;
; Revision Name                      ; SoC_Brain                                  ;
; Top-level Entity Name              ; FPGA_Processing                            ;
; Family                             ; Cyclone IV E                               ;
; Device                             ; EP4CE75U19I7                               ;
; Timing Models                      ; Final                                      ;
; Total logic elements               ; 1,014 / 75,408 ( 1 % )                     ;
;     Total combinational functions  ; 780 / 75,408 ( 1 % )                       ;
;     Dedicated logic registers      ; 687 / 75,408 ( < 1 % )                     ;
; Total registers                    ; 687                                        ;
; Total pins                         ; 60 / 293 ( 20 % )                          ;
; Total virtual pins                 ; 0                                          ;
; Total memory bits                  ; 1,418,752 / 2,810,880 ( 50 % )             ;
; Embedded Multiplier 9-bit elements ; 0 / 400 ( 0 % )                            ;
; Total PLLs                         ; 1 / 4 ( 25 % )                             ;
+------------------------------------+--------------------------------------------+


+-----------------------------------------+
; Flow Settings                           ;
+-------------------+---------------------+
; Option            ; Setting             ;
+-------------------+---------------------+
; Start date & time ; 07/11/2017 01:29:38 ;
; Main task         ; Compilation         ;
; Revision Name     ; SoC_Brain           ;
+-------------------+---------------------+


+----------------------------------------------------------------------------------------------------------------------------------------------------+
; Flow Non-Default Global Settings                                                                                                                   ;
+-------------------------------------+---------------------------------------------------------+---------------+-----------------+------------------+
; Assignment Name                     ; Value                                                   ; Default Value ; Entity Name     ; Section Id       ;
+-------------------------------------+---------------------------------------------------------+---------------+-----------------+------------------+
; COMPILER_SIGNATURE_ID               ; 345052807176.149970417721072                            ; --            ; --              ; --               ;
; ENABLE_SIGNALTAP                    ; On                                                      ; --            ; --              ; --               ;
; IP_TOOL_NAME                        ; ALTPLL                                                  ; --            ; --              ; --               ;
; IP_TOOL_VERSION                     ; 13.1                                                    ; --            ; --              ; --               ;
; MAX_CORE_JUNCTION_TEMP              ; 100                                                     ; --            ; --              ; --               ;
; MIN_CORE_JUNCTION_TEMP              ; -40                                                     ; --            ; --              ; --               ;
; MISC_FILE                           ; pll_bb.v                                                ; --            ; --              ; --               ;
; MISC_FILE                           ; pll.ppf                                                 ; --            ; --              ; --               ;
; NOMINAL_CORE_SUPPLY_VOLTAGE         ; 1.2V                                                    ; --            ; --              ; --               ;
; PARTITION_COLOR                     ; 16764057                                                ; --            ; FPGA_Processing ; Top              ;
; PARTITION_FITTER_PRESERVATION_LEVEL ; PLACEMENT_AND_ROUTING                                   ; --            ; FPGA_Processing ; Top              ;
; PARTITION_NETLIST_TYPE              ; SOURCE                                                  ; --            ; FPGA_Processing ; Top              ;
; POWER_BOARD_THERMAL_MODEL           ; None (CONSERVATIVE)                                     ; --            ; --              ; --               ;
; POWER_PRESET_COOLING_SOLUTION       ; 23 MM HEAT SINK WITH 200 LFPM AIRFLOW                   ; --            ; --              ; --               ;
; PROJECT_OUTPUT_DIRECTORY            ; output_files                                            ; --            ; --              ; --               ;
; SLD_FILE                            ; db/stp1_auto_stripped.stp                               ; --            ; --              ; --               ;
; SLD_NODE_CREATOR_ID                 ; 110                                                     ; --            ; --              ; auto_signaltap_0 ;
; SLD_NODE_ENTITY_NAME                ; sld_signaltap                                           ; --            ; --              ; auto_signaltap_0 ;
; SLD_NODE_PARAMETER_ASSIGNMENT       ; SLD_RAM_BLOCK_TYPE=AUTO                                 ; --            ; --              ; auto_signaltap_0 ;
; SLD_NODE_PARAMETER_ASSIGNMENT       ; SLD_DATA_BITS=3                                         ; --            ; --              ; auto_signaltap_0 ;
; SLD_NODE_PARAMETER_ASSIGNMENT       ; SLD_TRIGGER_BITS=3                                      ; --            ; --              ; auto_signaltap_0 ;
; SLD_NODE_PARAMETER_ASSIGNMENT       ; SLD_NODE_INFO=805334528                                 ; --            ; --              ; auto_signaltap_0 ;
; SLD_NODE_PARAMETER_ASSIGNMENT       ; SLD_POWER_UP_TRIGGER=0                                  ; --            ; --              ; auto_signaltap_0 ;
; SLD_NODE_PARAMETER_ASSIGNMENT       ; SLD_STORAGE_QUALIFIER_INVERSION_MASK_LENGTH=0           ; --            ; --              ; auto_signaltap_0 ;
; SLD_NODE_PARAMETER_ASSIGNMENT       ; SLD_ATTRIBUTE_MEM_MODE=OFF                              ; --            ; --              ; auto_signaltap_0 ;
; SLD_NODE_PARAMETER_ASSIGNMENT       ; SLD_STATE_FLOW_USE_GENERATED=0                          ; --            ; --              ; auto_signaltap_0 ;
; SLD_NODE_PARAMETER_ASSIGNMENT       ; SLD_STATE_BITS=11                                       ; --            ; --              ; auto_signaltap_0 ;
; SLD_NODE_PARAMETER_ASSIGNMENT       ; SLD_BUFFER_FULL_STOP=1                                  ; --            ; --              ; auto_signaltap_0 ;
; SLD_NODE_PARAMETER_ASSIGNMENT       ; SLD_CURRENT_RESOURCE_WIDTH=1                            ; --            ; --              ; auto_signaltap_0 ;
; SLD_NODE_PARAMETER_ASSIGNMENT       ; SLD_TRIGGER_LEVEL=1                                     ; --            ; --              ; auto_signaltap_0 ;
; SLD_NODE_PARAMETER_ASSIGNMENT       ; SLD_TRIGGER_IN_ENABLED=0                                ; --            ; --              ; auto_signaltap_0 ;
; SLD_NODE_PARAMETER_ASSIGNMENT       ; SLD_ADVANCED_TRIGGER_ENTITY=basic,1,                    ; --            ; --              ; auto_signaltap_0 ;
; SLD_NODE_PARAMETER_ASSIGNMENT       ; SLD_TRIGGER_LEVEL_PIPELINE=1                            ; --            ; --              ; auto_signaltap_0 ;
; SLD_NODE_PARAMETER_ASSIGNMENT       ; SLD_ENABLE_ADVANCED_TRIGGER=0                           ; --            ; --              ; auto_signaltap_0 ;
; SLD_NODE_PARAMETER_ASSIGNMENT       ; SLD_NODE_CRC_LOWORD=9975                                ; --            ; --              ; auto_signaltap_0 ;
; SLD_NODE_PARAMETER_ASSIGNMENT       ; SLD_INVERSION_MASK=000000000000000000000000000000000000 ; --            ; --              ; auto_signaltap_0 ;
; SLD_NODE_PARAMETER_ASSIGNMENT       ; SLD_INVERSION_MASK_LENGTH=36                            ; --            ; --              ; auto_signaltap_0 ;
; SLD_NODE_PARAMETER_ASSIGNMENT       ; SLD_SEGMENT_SIZE=8192                                   ; --            ; --              ; auto_signaltap_0 ;
; SLD_NODE_PARAMETER_ASSIGNMENT       ; SLD_NODE_CRC_HIWORD=63808                               ; --            ; --              ; auto_signaltap_0 ;
; SLD_NODE_PARAMETER_ASSIGNMENT       ; SLD_SAMPLE_DEPTH=8192                                   ; --            ; --              ; auto_signaltap_0 ;
; TOP_LEVEL_ENTITY                    ; FPGA_Processing                                         ; SoC_Brain     ; --              ; --               ;
; USE_SIGNALTAP_FILE                  ; output_files/stp1.stp                                   ; --            ; --              ; --               ;
+-------------------------------------+---------------------------------------------------------+---------------+-----------------+------------------+


+-------------------------------------------------------------------------------------------------------------------------------+
; Flow Elapsed Time                                                                                                             ;
+---------------------------+--------------+-------------------------+---------------------+------------------------------------+
; Module Name               ; Elapsed Time ; Average Processors Used ; Peak Virtual Memory ; Total CPU Time (on all processors) ;
+---------------------------+--------------+-------------------------+---------------------+------------------------------------+
; Analysis & Synthesis      ; 00:00:30     ; 1.0                     ; 658 MB              ; 00:00:30                           ;
; Fitter                    ; 00:00:50     ; 1.3                     ; 1192 MB             ; 00:00:58                           ;
; Assembler                 ; 00:00:14     ; 1.0                     ; 499 MB              ; 00:00:14                           ;
; TimeQuest Timing Analyzer ; 00:00:13     ; 1.1                     ; 605 MB              ; 00:00:14                           ;
; Total                     ; 00:01:47     ; --                      ; --                  ; 00:01:56                           ;
+---------------------------+--------------+-------------------------+---------------------+------------------------------------+


+----------------------------------------------------------------------------------------+
; Flow OS Summary                                                                        ;
+---------------------------+------------------+-----------+------------+----------------+
; Module Name               ; Machine Hostname ; OS Name   ; OS Version ; Processor type ;
+---------------------------+------------------+-----------+------------+----------------+
; Analysis & Synthesis      ; user-PC          ; Windows 7 ; 6.2        ; x86_64         ;
; Fitter                    ; user-PC          ; Windows 7 ; 6.2        ; x86_64         ;
; Assembler                 ; user-PC          ; Windows 7 ; 6.2        ; x86_64         ;
; TimeQuest Timing Analyzer ; user-PC          ; Windows 7 ; 6.2        ; x86_64         ;
+---------------------------+------------------+-----------+------------+----------------+


------------
; Flow Log ;
------------
quartus_map --read_settings_files=on --write_settings_files=off SoC_Brain -c SoC_Brain
quartus_fit --read_settings_files=off --write_settings_files=off SoC_Brain -c SoC_Brain
quartus_asm --read_settings_files=off --write_settings_files=off SoC_Brain -c SoC_Brain
quartus_sta SoC_Brain -c SoC_Brain



